2022-02-02 19:34:07 0 [Note] InnoDB: The first data file './ibdata1' did not exist. A new tablespace will be created!
2022-02-02 19:34:07 0 [Note] InnoDB: Compressed tables use zlib 1.2.11
2022-02-02 19:34:07 0 [Note] InnoDB: Using transactional memory
2022-02-02 19:34:07 0 [Note] InnoDB: Number of pools: 1
2022-02-02 19:34:07 0 [Note] InnoDB: Using crc32 + pclmulqdq instructions
2022-02-02 19:34:07 0 [Note] InnoDB: Initializing buffer pool, total size = 10485760, chunk size = 10485760
2022-02-02 19:34:07 0 [Note] InnoDB: Completed initialization of buffer pool
2022-02-02 19:34:07 0 [Note] InnoDB: Setting file './ibdata1' size to 12 MB. Physically writing the file full; Please wait ...
2022-02-02 19:34:07 0 [Note] InnoDB: File './ibdata1' size is now 12 MB.
2022-02-02 19:34:07 0 [Note] InnoDB: Setting log file ./ib_logfile101 size to 100663296 bytes
2022-02-02 19:34:07 0 [Note] InnoDB: Renaming log file ./ib_logfile101 to ./ib_logfile0
2022-02-02 19:34:07 0 [Note] InnoDB: New log file created, LSN=10317
2022-02-02 19:34:07 0 [Note] InnoDB: Doublewrite buffer not found: creating new
2022-02-02 19:34:07 0 [Note] InnoDB: Doublewrite buffer created
2022-02-02 19:34:07 0 [Note] InnoDB: 128 rollback segments are active.
2022-02-02 19:34:07 0 [Note] InnoDB: Creating shared tablespace for temporary tables
2022-02-02 19:34:07 0 [Note] InnoDB: Setting file './ibtmp1' size to 12 MB. Physically writing the file full; Please wait ...
2022-02-02 19:34:07 0 [Note] InnoDB: File './ibtmp1' size is now 12 MB.
2022-02-02 19:34:07 0 [Note] InnoDB: 10.6.5 started; log sequence number 0; transaction id 3
2022-02-02 19:34:07 0 [Note] Plugin 'FEEDBACK' is disabled.
2022-02-02 19:35:32 0 [Note] InnoDB: Compressed tables use zlib 1.2.11
2022-02-02 19:35:32 0 [Note] InnoDB: Using transactional memory
2022-02-02 19:35:32 0 [Note] InnoDB: Number of pools: 1
2022-02-02 19:35:32 0 [Note] InnoDB: Using crc32 + pclmulqdq instructions
2022-02-02 19:35:32 0 [Note] InnoDB: Initializing buffer pool, total size = 134217728, chunk size = 134217728
2022-02-02 19:35:32 0 [Note] InnoDB: Completed initialization of buffer pool
2022-02-02 19:35:32 0 [Note] InnoDB: Starting crash recovery from checkpoint LSN=42185,42185
2022-02-02 19:35:32 0 [Note] InnoDB: 128 rollback segments are active.
2022-02-02 19:35:32 0 [Note] InnoDB: Removed temporary tablespace data file: "./ibtmp1"
2022-02-02 19:35:32 0 [Note] InnoDB: Creating shared tablespace for temporary tables
2022-02-02 19:35:32 0 [Note] InnoDB: Setting file './ibtmp1' size to 12 MB. Physically writing the file full; Please wait ...
2022-02-02 19:35:32 0 [Note] InnoDB: File './ibtmp1' size is now 12 MB.
2022-02-02 19:35:32 0 [Note] InnoDB: 10.6.5 started; log sequence number 42197; transaction id 14
2022-02-02 19:35:32 0 [Note] Plugin 'FEEDBACK' is disabled.
2022-02-02 19:35:32 0 [Note] InnoDB: Loading buffer pool(s) from D:\Project Banana\mariadb-10.6.5\data\ib_buffer_pool
2022-02-02 19:35:32 0 [Note] InnoDB: Buffer pool(s) load completed at 220202 19:35:32
2022-02-02 19:35:32 0 [Note] Server socket created on IP: '::'.
2022-02-02 19:35:32 0 [Note] Server socket created on IP: '0.0.0.0'.
2022-02-02 19:35:32 0 [Note] mariadb-10.6.5/bin/mysqld.exe: ready for connections.
Version: '10.6.5-MariaDB'  socket: ''  port: 3306  mariadb.org binary distribution
2022-02-02 19:36:49 0 [Note] console_event_handler: received CTRL_CLOSE_EVENT event, terminating
2022-02-02 19:37:29 0 [Note] InnoDB: Compressed tables use zlib 1.2.11
2022-02-02 19:37:29 0 [Note] InnoDB: Using transactional memory
2022-02-02 19:37:29 0 [Note] InnoDB: Number of pools: 1
2022-02-02 19:37:29 0 [Note] InnoDB: Using crc32 + pclmulqdq instructions
2022-02-02 19:37:29 0 [Note] InnoDB: Initializing buffer pool, total size = 134217728, chunk size = 134217728
2022-02-02 19:37:29 0 [Note] InnoDB: Completed initialization of buffer pool
2022-02-02 19:37:29 0 [Note] InnoDB: Starting crash recovery from checkpoint LSN=42209,42209
2022-02-02 19:37:29 0 [Note] InnoDB: 128 rollback segments are active.
2022-02-02 19:37:29 0 [Note] InnoDB: Removed temporary tablespace data file: "./ibtmp1"
2022-02-02 19:37:29 0 [Note] InnoDB: Creating shared tablespace for temporary tables
2022-02-02 19:37:29 0 [Note] InnoDB: Setting file './ibtmp1' size to 12 MB. Physically writing the file full; Please wait ...
2022-02-02 19:37:29 0 [Note] InnoDB: File './ibtmp1' size is now 12 MB.
2022-02-02 19:37:29 0 [Note] InnoDB: 10.6.5 started; log sequence number 42221; transaction id 14
2022-02-02 19:37:29 0 [Note] Plugin 'FEEDBACK' is disabled.
2022-02-02 19:37:29 0 [Note] InnoDB: Loading buffer pool(s) from D:\Project Banana\mariadb-10.6.5\data\ib_buffer_pool
2022-02-02 19:37:29 0 [Note] Server socket created on IP: '::'.
2022-02-02 19:37:29 0 [Note] InnoDB: Buffer pool(s) load completed at 220202 19:37:29
2022-02-02 19:37:29 0 [Note] Server socket created on IP: '0.0.0.0'.
2022-02-02 19:37:29 0 [Note] mariadb-10.6.5/bin/mysqld.exe: ready for connections.
Version: '10.6.5-MariaDB'  socket: ''  port: 3306  mariadb.org binary distribution
2022-02-02 19:37:37 0 [Note] console_event_handler: received CTRL_C_EVENT event, shutting down
2022-02-02 19:37:37 0 [Note] mariadb-10.6.5/bin/mysqld.exe (initiated by: unknown): Normal shutdown
2022-02-02 19:37:37 0 [Note] InnoDB: FTS optimize thread exiting.
2022-02-02 19:37:37 0 [Note] InnoDB: Starting shutdown...
2022-02-02 19:37:37 0 [Note] InnoDB: Dumping buffer pool(s) to D:\Project Banana\mariadb-10.6.5\data\ib_buffer_pool
2022-02-02 19:37:37 0 [Note] InnoDB: Buffer pool(s) dump completed at 220202 19:37:37
2022-02-02 19:37:37 0 [Note] InnoDB: Removed temporary tablespace data file: "./ibtmp1"
2022-02-02 19:37:37 0 [Note] InnoDB: Shutdown completed; log sequence number 42245; transaction id 15
2022-02-02 19:37:37 0 [Note] mariadb-10.6.5/bin/mysqld.exe: Shutdown complete

